<?xml version="1.0" encoding="UTF-8"?>
<robot generator="Robot 6.1.1 (Python 3.11.5 on linux)" generated="20231109 21:47:44.907" rpa="false" schemaversion="4">
<suite id="s1" name="Tests" source="/home/hsaastam/ohtu/palautusrepositorio/viikko3/web-login/src/tests">
<suite id="s1-s1" name="Home" source="/home/hsaastam/ohtu/palautusrepositorio/viikko3/web-login/src/tests/home.robot">
<kw name="Open And Configure Browser" library="resource" type="SETUP">
<kw name="Evaluate" library="BuiltIn">
<var>${options}</var>
<arg>sys.modules['selenium.webdriver'].FirefoxOptions()</arg>
<arg>sys</arg>
<doc>Evaluates the given expression in Python and returns the result.</doc>
<msg timestamp="20231109 21:47:45.093" level="INFO">${options} = &lt;selenium.webdriver.firefox.options.Options object at 0x7fa3be178c50&gt;</msg>
<status status="PASS" starttime="20231109 21:47:45.093" endtime="20231109 21:47:45.093"/>
</kw>
<kw name="Call Method" library="BuiltIn">
<arg>${options}</arg>
<arg>add_argument</arg>
<arg>--no-sandbox</arg>
<doc>Calls the named method of the given object with the provided arguments.</doc>
<status status="PASS" starttime="20231109 21:47:45.094" endtime="20231109 21:47:45.094"/>
</kw>
<kw name="Call Method" library="BuiltIn">
<arg>${options}</arg>
<arg>add_argument</arg>
<arg>--headless</arg>
<doc>Calls the named method of the given object with the provided arguments.</doc>
<status status="PASS" starttime="20231109 21:47:45.094" endtime="20231109 21:47:45.094"/>
</kw>
<kw name="Open Browser" library="SeleniumLibrary">
<arg>browser=firefox</arg>
<arg>options=${options}</arg>
<doc>Opens a new browser instance to the optional ``url``.</doc>
<msg timestamp="20231109 21:47:45.094" level="INFO">Opening browser 'firefox' to base url 'None'.</msg>
<status status="PASS" starttime="20231109 21:47:45.094" endtime="20231109 21:47:46.681"/>
</kw>
<kw name="Set Selenium Speed" library="SeleniumLibrary">
<arg>${DELAY}</arg>
<doc>Sets the delay that is waited after each Selenium command.</doc>
<status status="PASS" starttime="20231109 21:47:46.681" endtime="20231109 21:47:46.682"/>
</kw>
<status status="PASS" starttime="20231109 21:47:45.093" endtime="20231109 21:47:46.682"/>
</kw>
<test id="s1-s1-t1" name="Click Login Link" line="8">
<kw name="Go To Main Page" library="resource" type="SETUP">
<kw name="Go To" library="SeleniumLibrary">
<arg>${HOME_URL}</arg>
<doc>Navigates the current browser window to the provided ``url``.</doc>
<msg timestamp="20231109 21:47:46.683" level="INFO">Opening url 'http://anal.fi:5001'</msg>
<status status="PASS" starttime="20231109 21:47:46.683" endtime="20231109 21:47:46.898"/>
</kw>
<status status="PASS" starttime="20231109 21:47:46.683" endtime="20231109 21:47:46.898"/>
</kw>
<kw name="Click Link" library="SeleniumLibrary">
<arg>Login</arg>
<doc>Clicks a link identified by ``locator``.</doc>
<msg timestamp="20231109 21:47:46.899" level="INFO">Clicking link 'Login'.</msg>
<status status="PASS" starttime="20231109 21:47:46.899" endtime="20231109 21:47:46.984"/>
</kw>
<kw name="Login Page Should Be Open" library="resource">
<kw name="Title Should Be" library="SeleniumLibrary">
<arg>Login</arg>
<doc>Verifies that the current page title equals ``title``.</doc>
<msg timestamp="20231109 21:47:46.989" level="INFO">Page title is 'Login'.</msg>
<status status="PASS" starttime="20231109 21:47:46.985" endtime="20231109 21:47:46.989"/>
</kw>
<status status="PASS" starttime="20231109 21:47:46.984" endtime="20231109 21:47:46.989"/>
</kw>
<status status="PASS" starttime="20231109 21:47:46.682" endtime="20231109 21:47:46.989"/>
</test>
<test id="s1-s1-t2" name="Click Register Link" line="12">
<kw name="Go To Main Page" library="resource" type="SETUP">
<kw name="Go To" library="SeleniumLibrary">
<arg>${HOME_URL}</arg>
<doc>Navigates the current browser window to the provided ``url``.</doc>
<msg timestamp="20231109 21:47:46.990" level="INFO">Opening url 'http://anal.fi:5001'</msg>
<status status="PASS" starttime="20231109 21:47:46.990" endtime="20231109 21:47:47.014"/>
</kw>
<status status="PASS" starttime="20231109 21:47:46.990" endtime="20231109 21:47:47.014"/>
</kw>
<kw name="Click Link" library="SeleniumLibrary">
<arg>Register new user</arg>
<doc>Clicks a link identified by ``locator``.</doc>
<msg timestamp="20231109 21:47:47.015" level="INFO">Clicking link 'Register new user'.</msg>
<status status="PASS" starttime="20231109 21:47:47.015" endtime="20231109 21:47:47.113"/>
</kw>
<kw name="Register Page Should Be Open" library="resource">
<kw name="Title Should Be" library="SeleniumLibrary">
<arg>Register</arg>
<doc>Verifies that the current page title equals ``title``.</doc>
<msg timestamp="20231109 21:47:47.117" level="INFO">Page title is 'Register'.</msg>
<status status="PASS" starttime="20231109 21:47:47.113" endtime="20231109 21:47:47.117"/>
</kw>
<status status="PASS" starttime="20231109 21:47:47.113" endtime="20231109 21:47:47.117"/>
</kw>
<status status="PASS" starttime="20231109 21:47:46.990" endtime="20231109 21:47:47.118"/>
</test>
<kw name="Close Browser" library="SeleniumLibrary" type="TEARDOWN">
<doc>Closes the current browser.</doc>
<status status="PASS" starttime="20231109 21:47:47.119" endtime="20231109 21:47:48.604"/>
</kw>
<status status="PASS" starttime="20231109 21:47:44.927" endtime="20231109 21:47:48.604"/>
</suite>
<suite id="s1-s2" name="Login" source="/home/hsaastam/ohtu/palautusrepositorio/viikko3/web-login/src/tests/login.robot">
<kw name="Open And Configure Browser" library="resource" type="SETUP">
<kw name="Evaluate" library="BuiltIn">
<var>${options}</var>
<arg>sys.modules['selenium.webdriver'].FirefoxOptions()</arg>
<arg>sys</arg>
<doc>Evaluates the given expression in Python and returns the result.</doc>
<msg timestamp="20231109 21:47:48.609" level="INFO">${options} = &lt;selenium.webdriver.firefox.options.Options object at 0x7fa3be196e10&gt;</msg>
<status status="PASS" starttime="20231109 21:47:48.608" endtime="20231109 21:47:48.609"/>
</kw>
<kw name="Call Method" library="BuiltIn">
<arg>${options}</arg>
<arg>add_argument</arg>
<arg>--no-sandbox</arg>
<doc>Calls the named method of the given object with the provided arguments.</doc>
<status status="PASS" starttime="20231109 21:47:48.609" endtime="20231109 21:47:48.609"/>
</kw>
<kw name="Call Method" library="BuiltIn">
<arg>${options}</arg>
<arg>add_argument</arg>
<arg>--headless</arg>
<doc>Calls the named method of the given object with the provided arguments.</doc>
<status status="PASS" starttime="20231109 21:47:48.609" endtime="20231109 21:47:48.609"/>
</kw>
<kw name="Open Browser" library="SeleniumLibrary">
<arg>browser=firefox</arg>
<arg>options=${options}</arg>
<doc>Opens a new browser instance to the optional ``url``.</doc>
<msg timestamp="20231109 21:47:48.609" level="INFO">Opening browser 'firefox' to base url 'None'.</msg>
<status status="PASS" starttime="20231109 21:47:48.609" endtime="20231109 21:47:50.282"/>
</kw>
<kw name="Set Selenium Speed" library="SeleniumLibrary">
<arg>${DELAY}</arg>
<doc>Sets the delay that is waited after each Selenium command.</doc>
<status status="PASS" starttime="20231109 21:47:50.282" endtime="20231109 21:47:50.283"/>
</kw>
<status status="PASS" starttime="20231109 21:47:48.608" endtime="20231109 21:47:50.283"/>
</kw>
<test id="s1-s2-t1" name="Login With Correct Credentials" line="8">
<kw name="Create User And Go To Login Page" type="SETUP">
<kw name="Create User" library="AppLibrary">
<arg>kalle</arg>
<arg>kalle123</arg>
<status status="PASS" starttime="20231109 21:47:50.283" endtime="20231109 21:47:50.293"/>
</kw>
<kw name="Go To Login Page" library="resource">
<kw name="Go To" library="SeleniumLibrary">
<arg>${LOGIN_URL}</arg>
<doc>Navigates the current browser window to the provided ``url``.</doc>
<msg timestamp="20231109 21:47:50.294" level="INFO">Opening url 'http://anal.fi:5001/login'</msg>
<status status="PASS" starttime="20231109 21:47:50.294" endtime="20231109 21:47:50.433"/>
</kw>
<status status="PASS" starttime="20231109 21:47:50.294" endtime="20231109 21:47:50.434"/>
</kw>
<kw name="Login Page Should Be Open" library="resource">
<kw name="Title Should Be" library="SeleniumLibrary">
<arg>Login</arg>
<doc>Verifies that the current page title equals ``title``.</doc>
<msg timestamp="20231109 21:47:50.436" level="INFO">Page title is 'Login'.</msg>
<status status="PASS" starttime="20231109 21:47:50.434" endtime="20231109 21:47:50.436"/>
</kw>
<status status="PASS" starttime="20231109 21:47:50.434" endtime="20231109 21:47:50.436"/>
</kw>
<status status="PASS" starttime="20231109 21:47:50.283" endtime="20231109 21:47:50.436"/>
</kw>
<kw name="Set Username">
<arg>kalle</arg>
<kw name="Input Text" library="SeleniumLibrary">
<arg>username</arg>
<arg>${username}</arg>
<doc>Types the given ``text`` into the text field identified by ``locator``.</doc>
<msg timestamp="20231109 21:47:50.437" level="INFO">Typing text 'kalle' into text field 'username'.</msg>
<status status="PASS" starttime="20231109 21:47:50.436" endtime="20231109 21:47:50.517"/>
</kw>
<status status="PASS" starttime="20231109 21:47:50.436" endtime="20231109 21:47:50.517"/>
</kw>
<kw name="Set Password">
<arg>kalle123</arg>
<kw name="Input Password" library="SeleniumLibrary">
<arg>password</arg>
<arg>${password}</arg>
<doc>Types the given password into the text field identified by ``locator``.</doc>
<msg timestamp="20231109 21:47:50.518" level="INFO">Typing password into text field 'password'.</msg>
<msg timestamp="20231109 21:47:50.525" level="INFO">Temporally setting log level to: NONE</msg>
<msg timestamp="20231109 21:47:50.533" level="INFO">Log level changed from NONE to INFO.</msg>
<status status="PASS" starttime="20231109 21:47:50.518" endtime="20231109 21:47:50.533"/>
</kw>
<status status="PASS" starttime="20231109 21:47:50.517" endtime="20231109 21:47:50.533"/>
</kw>
<kw name="Submit Credentials">
<kw name="Click Button" library="SeleniumLibrary">
<arg>Login</arg>
<doc>Clicks the button identified by ``locator``.</doc>
<msg timestamp="20231109 21:47:50.534" level="INFO">Clicking button 'Login'.</msg>
<status status="PASS" starttime="20231109 21:47:50.534" endtime="20231109 21:47:50.583"/>
</kw>
<status status="PASS" starttime="20231109 21:47:50.533" endtime="20231109 21:47:50.583"/>
</kw>
<kw name="Login Should Succeed">
<kw name="Main Page Should Be Open" library="resource">
<kw name="Title Should Be" library="SeleniumLibrary">
<arg>Ohtu Application main page</arg>
<doc>Verifies that the current page title equals ``title``.</doc>
<msg timestamp="20231109 21:47:50.586" level="INFO">Page title is 'Ohtu Application main page'.</msg>
<status status="PASS" starttime="20231109 21:47:50.584" endtime="20231109 21:47:50.586"/>
</kw>
<status status="PASS" starttime="20231109 21:47:50.584" endtime="20231109 21:47:50.586"/>
</kw>
<status status="PASS" starttime="20231109 21:47:50.584" endtime="20231109 21:47:50.586"/>
</kw>
<status status="PASS" starttime="20231109 21:47:50.283" endtime="20231109 21:47:50.586"/>
</test>
<test id="s1-s2-t2" name="Login With Incorrect Password" line="14">
<kw name="Create User And Go To Login Page" type="SETUP">
<kw name="Create User" library="AppLibrary">
<arg>kalle</arg>
<arg>kalle123</arg>
<status status="PASS" starttime="20231109 21:47:50.587" endtime="20231109 21:47:50.598"/>
</kw>
<kw name="Go To Login Page" library="resource">
<kw name="Go To" library="SeleniumLibrary">
<arg>${LOGIN_URL}</arg>
<doc>Navigates the current browser window to the provided ``url``.</doc>
<msg timestamp="20231109 21:47:50.598" level="INFO">Opening url 'http://anal.fi:5001/login'</msg>
<status status="PASS" starttime="20231109 21:47:50.598" endtime="20231109 21:47:50.693"/>
</kw>
<status status="PASS" starttime="20231109 21:47:50.598" endtime="20231109 21:47:50.693"/>
</kw>
<kw name="Login Page Should Be Open" library="resource">
<kw name="Title Should Be" library="SeleniumLibrary">
<arg>Login</arg>
<doc>Verifies that the current page title equals ``title``.</doc>
<msg timestamp="20231109 21:47:50.697" level="INFO">Page title is 'Login'.</msg>
<status status="PASS" starttime="20231109 21:47:50.693" endtime="20231109 21:47:50.697"/>
</kw>
<status status="PASS" starttime="20231109 21:47:50.693" endtime="20231109 21:47:50.697"/>
</kw>
<status status="PASS" starttime="20231109 21:47:50.587" endtime="20231109 21:47:50.697"/>
</kw>
<kw name="Set Username">
<arg>kalle</arg>
<kw name="Input Text" library="SeleniumLibrary">
<arg>username</arg>
<arg>${username}</arg>
<doc>Types the given ``text`` into the text field identified by ``locator``.</doc>
<msg timestamp="20231109 21:47:50.698" level="INFO">Typing text 'kalle' into text field 'username'.</msg>
<status status="PASS" starttime="20231109 21:47:50.698" endtime="20231109 21:47:50.731"/>
</kw>
<status status="PASS" starttime="20231109 21:47:50.697" endtime="20231109 21:47:50.731"/>
</kw>
<kw name="Set Password">
<arg>kalle456</arg>
<kw name="Input Password" library="SeleniumLibrary">
<arg>password</arg>
<arg>${password}</arg>
<doc>Types the given password into the text field identified by ``locator``.</doc>
<msg timestamp="20231109 21:47:50.732" level="INFO">Typing password into text field 'password'.</msg>
<msg timestamp="20231109 21:47:50.738" level="INFO">Temporally setting log level to: NONE</msg>
<msg timestamp="20231109 21:47:50.747" level="INFO">Log level changed from NONE to INFO.</msg>
<status status="PASS" starttime="20231109 21:47:50.732" endtime="20231109 21:47:50.747"/>
</kw>
<status status="PASS" starttime="20231109 21:47:50.732" endtime="20231109 21:47:50.747"/>
</kw>
<kw name="Submit Credentials">
<kw name="Click Button" library="SeleniumLibrary">
<arg>Login</arg>
<doc>Clicks the button identified by ``locator``.</doc>
<msg timestamp="20231109 21:47:50.747" level="INFO">Clicking button 'Login'.</msg>
<status status="PASS" starttime="20231109 21:47:50.747" endtime="20231109 21:47:50.796"/>
</kw>
<status status="PASS" starttime="20231109 21:47:50.747" endtime="20231109 21:47:50.796"/>
</kw>
<kw name="Login Should Fail With Message">
<arg>Invalid username or password</arg>
<kw name="Login Page Should Be Open" library="resource">
<kw name="Title Should Be" library="SeleniumLibrary">
<arg>Login</arg>
<doc>Verifies that the current page title equals ``title``.</doc>
<msg timestamp="20231109 21:47:50.800" level="INFO">Page title is 'Login'.</msg>
<status status="PASS" starttime="20231109 21:47:50.797" endtime="20231109 21:47:50.800"/>
</kw>
<status status="PASS" starttime="20231109 21:47:50.797" endtime="20231109 21:47:50.800"/>
</kw>
<kw name="Page Should Contain" library="SeleniumLibrary">
<arg>${message}</arg>
<doc>Verifies that current page contains ``text``.</doc>
<msg timestamp="20231109 21:47:50.807" level="INFO">Current page contains text 'Invalid username or password'.</msg>
<status status="PASS" starttime="20231109 21:47:50.800" endtime="20231109 21:47:50.808"/>
</kw>
<status status="PASS" starttime="20231109 21:47:50.796" endtime="20231109 21:47:50.808"/>
</kw>
<status status="PASS" starttime="20231109 21:47:50.586" endtime="20231109 21:47:50.808"/>
</test>
<test id="s1-s2-t3" name="Login With Nonexistent Username" line="20">
<kw name="Create User And Go To Login Page" type="SETUP">
<kw name="Create User" library="AppLibrary">
<arg>kalle</arg>
<arg>kalle123</arg>
<status status="PASS" starttime="20231109 21:47:50.809" endtime="20231109 21:47:50.818"/>
</kw>
<kw name="Go To Login Page" library="resource">
<kw name="Go To" library="SeleniumLibrary">
<arg>${LOGIN_URL}</arg>
<doc>Navigates the current browser window to the provided ``url``.</doc>
<msg timestamp="20231109 21:47:50.819" level="INFO">Opening url 'http://anal.fi:5001/login'</msg>
<status status="PASS" starttime="20231109 21:47:50.819" endtime="20231109 21:47:50.840"/>
</kw>
<status status="PASS" starttime="20231109 21:47:50.819" endtime="20231109 21:47:50.840"/>
</kw>
<kw name="Login Page Should Be Open" library="resource">
<kw name="Title Should Be" library="SeleniumLibrary">
<arg>Login</arg>
<doc>Verifies that the current page title equals ``title``.</doc>
<msg timestamp="20231109 21:47:50.843" level="INFO">Page title is 'Login'.</msg>
<status status="PASS" starttime="20231109 21:47:50.841" endtime="20231109 21:47:50.843"/>
</kw>
<status status="PASS" starttime="20231109 21:47:50.841" endtime="20231109 21:47:50.843"/>
</kw>
<status status="PASS" starttime="20231109 21:47:50.809" endtime="20231109 21:47:50.843"/>
</kw>
<kw name="Reset Application" library="AppLibrary">
<status status="PASS" starttime="20231109 21:47:50.843" endtime="20231109 21:47:50.846"/>
</kw>
<kw name="Go To Login Page" library="resource">
<kw name="Go To" library="SeleniumLibrary">
<arg>${LOGIN_URL}</arg>
<doc>Navigates the current browser window to the provided ``url``.</doc>
<msg timestamp="20231109 21:47:50.847" level="INFO">Opening url 'http://anal.fi:5001/login'</msg>
<status status="PASS" starttime="20231109 21:47:50.846" endtime="20231109 21:47:50.866"/>
</kw>
<status status="PASS" starttime="20231109 21:47:50.846" endtime="20231109 21:47:50.866"/>
</kw>
<kw name="Set Username">
<arg>eiole</arg>
<kw name="Input Text" library="SeleniumLibrary">
<arg>username</arg>
<arg>${username}</arg>
<doc>Types the given ``text`` into the text field identified by ``locator``.</doc>
<msg timestamp="20231109 21:47:50.867" level="INFO">Typing text 'eiole' into text field 'username'.</msg>
<status status="PASS" starttime="20231109 21:47:50.867" endtime="20231109 21:47:50.889"/>
</kw>
<status status="PASS" starttime="20231109 21:47:50.866" endtime="20231109 21:47:50.889"/>
</kw>
<kw name="Set Password">
<arg>olemassa</arg>
<kw name="Input Password" library="SeleniumLibrary">
<arg>password</arg>
<arg>${password}</arg>
<doc>Types the given password into the text field identified by ``locator``.</doc>
<msg timestamp="20231109 21:47:50.890" level="INFO">Typing password into text field 'password'.</msg>
<msg timestamp="20231109 21:47:50.896" level="INFO">Temporally setting log level to: NONE</msg>
<msg timestamp="20231109 21:47:50.903" level="INFO">Log level changed from NONE to INFO.</msg>
<status status="PASS" starttime="20231109 21:47:50.890" endtime="20231109 21:47:50.903"/>
</kw>
<status status="PASS" starttime="20231109 21:47:50.890" endtime="20231109 21:47:50.903"/>
</kw>
<kw name="Submit Credentials">
<kw name="Click Button" library="SeleniumLibrary">
<arg>Login</arg>
<doc>Clicks the button identified by ``locator``.</doc>
<msg timestamp="20231109 21:47:50.904" level="INFO">Clicking button 'Login'.</msg>
<status status="PASS" starttime="20231109 21:47:50.903" endtime="20231109 21:47:50.940"/>
</kw>
<status status="PASS" starttime="20231109 21:47:50.903" endtime="20231109 21:47:50.940"/>
</kw>
<kw name="Login Should Fail With Message">
<arg>Invalid username or password</arg>
<kw name="Login Page Should Be Open" library="resource">
<kw name="Title Should Be" library="SeleniumLibrary">
<arg>Login</arg>
<doc>Verifies that the current page title equals ``title``.</doc>
<msg timestamp="20231109 21:47:50.943" level="INFO">Page title is 'Login'.</msg>
<status status="PASS" starttime="20231109 21:47:50.941" endtime="20231109 21:47:50.943"/>
</kw>
<status status="PASS" starttime="20231109 21:47:50.941" endtime="20231109 21:47:50.943"/>
</kw>
<kw name="Page Should Contain" library="SeleniumLibrary">
<arg>${message}</arg>
<doc>Verifies that current page contains ``text``.</doc>
<msg timestamp="20231109 21:47:50.949" level="INFO">Current page contains text 'Invalid username or password'.</msg>
<status status="PASS" starttime="20231109 21:47:50.943" endtime="20231109 21:47:50.949"/>
</kw>
<status status="PASS" starttime="20231109 21:47:50.940" endtime="20231109 21:47:50.949"/>
</kw>
<status status="PASS" starttime="20231109 21:47:50.808" endtime="20231109 21:47:50.949"/>
</test>
<test id="s1-s2-t4" name="Register With Valid Username And Password" line="28">
<kw name="Create User And Go To Login Page" type="SETUP">
<kw name="Create User" library="AppLibrary">
<arg>kalle</arg>
<arg>kalle123</arg>
<status status="PASS" starttime="20231109 21:47:50.950" endtime="20231109 21:47:50.962"/>
</kw>
<kw name="Go To Login Page" library="resource">
<kw name="Go To" library="SeleniumLibrary">
<arg>${LOGIN_URL}</arg>
<doc>Navigates the current browser window to the provided ``url``.</doc>
<msg timestamp="20231109 21:47:50.962" level="INFO">Opening url 'http://anal.fi:5001/login'</msg>
<status status="PASS" starttime="20231109 21:47:50.962" endtime="20231109 21:47:50.981"/>
</kw>
<status status="PASS" starttime="20231109 21:47:50.962" endtime="20231109 21:47:50.981"/>
</kw>
<kw name="Login Page Should Be Open" library="resource">
<kw name="Title Should Be" library="SeleniumLibrary">
<arg>Login</arg>
<doc>Verifies that the current page title equals ``title``.</doc>
<msg timestamp="20231109 21:47:50.984" level="INFO">Page title is 'Login'.</msg>
<status status="PASS" starttime="20231109 21:47:50.981" endtime="20231109 21:47:50.984"/>
</kw>
<status status="PASS" starttime="20231109 21:47:50.981" endtime="20231109 21:47:50.984"/>
</kw>
<status status="PASS" starttime="20231109 21:47:50.950" endtime="20231109 21:47:50.984"/>
</kw>
<kw name="Reset Application" library="AppLibrary">
<status status="PASS" starttime="20231109 21:47:50.984" endtime="20231109 21:47:50.988"/>
</kw>
<kw name="Go To Register Page" library="resource">
<kw name="Go To" library="SeleniumLibrary">
<arg>${REGISTER_URL}</arg>
<doc>Navigates the current browser window to the provided ``url``.</doc>
<msg timestamp="20231109 21:47:50.989" level="INFO">Opening url 'http://anal.fi:5001/register'</msg>
<status status="PASS" starttime="20231109 21:47:50.988" endtime="20231109 21:47:51.016"/>
</kw>
<status status="PASS" starttime="20231109 21:47:50.988" endtime="20231109 21:47:51.016"/>
</kw>
<kw name="Set Username">
<arg>kalle</arg>
<kw name="Input Text" library="SeleniumLibrary">
<arg>username</arg>
<arg>${username}</arg>
<doc>Types the given ``text`` into the text field identified by ``locator``.</doc>
<msg timestamp="20231109 21:47:51.017" level="INFO">Typing text 'kalle' into text field 'username'.</msg>
<status status="PASS" starttime="20231109 21:47:51.017" endtime="20231109 21:47:51.044"/>
</kw>
<status status="PASS" starttime="20231109 21:47:51.017" endtime="20231109 21:47:51.044"/>
</kw>
<kw name="Set Password">
<arg>kalle123</arg>
<kw name="Input Password" library="SeleniumLibrary">
<arg>password</arg>
<arg>${password}</arg>
<doc>Types the given password into the text field identified by ``locator``.</doc>
<msg timestamp="20231109 21:47:51.045" level="INFO">Typing password into text field 'password'.</msg>
<msg timestamp="20231109 21:47:51.050" level="INFO">Temporally setting log level to: NONE</msg>
<msg timestamp="20231109 21:47:51.057" level="INFO">Log level changed from NONE to INFO.</msg>
<status status="PASS" starttime="20231109 21:47:51.044" endtime="20231109 21:47:51.057"/>
</kw>
<status status="PASS" starttime="20231109 21:47:51.044" endtime="20231109 21:47:51.057"/>
</kw>
<kw name="Set Password Confirmation">
<arg>kalle123</arg>
<kw name="Input Password" library="SeleniumLibrary">
<arg>password_confirmation</arg>
<arg>${password}</arg>
<doc>Types the given password into the text field identified by ``locator``.</doc>
<msg timestamp="20231109 21:47:51.058" level="INFO">Typing password into text field 'password_confirmation'.</msg>
<msg timestamp="20231109 21:47:51.064" level="INFO">Temporally setting log level to: NONE</msg>
<msg timestamp="20231109 21:47:51.070" level="INFO">Log level changed from NONE to INFO.</msg>
<status status="PASS" starttime="20231109 21:47:51.058" endtime="20231109 21:47:51.070"/>
</kw>
<status status="PASS" starttime="20231109 21:47:51.057" endtime="20231109 21:47:51.070"/>
</kw>
<kw name="Submit Register">
<kw name="Click Button" library="SeleniumLibrary">
<arg>Register</arg>
<doc>Clicks the button identified by ``locator``.</doc>
<msg timestamp="20231109 21:47:51.071" level="INFO">Clicking button 'Register'.</msg>
<status status="PASS" starttime="20231109 21:47:51.071" endtime="20231109 21:47:51.108"/>
</kw>
<status status="PASS" starttime="20231109 21:47:51.070" endtime="20231109 21:47:51.108"/>
</kw>
<kw name="Register Should Succeed">
<kw name="App Page Should Be Open" library="resource">
<kw name="Title Should Be" library="SeleniumLibrary">
<arg>Welcome to Ohtu Application!</arg>
<doc>Verifies that the current page title equals ``title``.</doc>
<msg timestamp="20231109 21:47:51.111" level="INFO">Page title is 'Welcome to Ohtu Application!'.</msg>
<status status="PASS" starttime="20231109 21:47:51.109" endtime="20231109 21:47:51.111"/>
</kw>
<status status="PASS" starttime="20231109 21:47:51.109" endtime="20231109 21:47:51.111"/>
</kw>
<status status="PASS" starttime="20231109 21:47:51.109" endtime="20231109 21:47:51.111"/>
</kw>
<status status="PASS" starttime="20231109 21:47:50.949" endtime="20231109 21:47:51.111"/>
</test>
<test id="s1-s2-t5" name="Register With Too Short Username And Valid Password" line="37">
<kw name="Create User And Go To Login Page" type="SETUP">
<kw name="Create User" library="AppLibrary">
<arg>kalle</arg>
<arg>kalle123</arg>
<status status="PASS" starttime="20231109 21:47:51.112" endtime="20231109 21:47:51.122"/>
</kw>
<kw name="Go To Login Page" library="resource">
<kw name="Go To" library="SeleniumLibrary">
<arg>${LOGIN_URL}</arg>
<doc>Navigates the current browser window to the provided ``url``.</doc>
<msg timestamp="20231109 21:47:51.123" level="INFO">Opening url 'http://anal.fi:5001/login'</msg>
<status status="PASS" starttime="20231109 21:47:51.122" endtime="20231109 21:47:51.147"/>
</kw>
<status status="PASS" starttime="20231109 21:47:51.122" endtime="20231109 21:47:51.148"/>
</kw>
<kw name="Login Page Should Be Open" library="resource">
<kw name="Title Should Be" library="SeleniumLibrary">
<arg>Login</arg>
<doc>Verifies that the current page title equals ``title``.</doc>
<msg timestamp="20231109 21:47:51.149" level="INFO">Page title is 'Login'.</msg>
<status status="PASS" starttime="20231109 21:47:51.148" endtime="20231109 21:47:51.149"/>
</kw>
<status status="PASS" starttime="20231109 21:47:51.148" endtime="20231109 21:47:51.149"/>
</kw>
<status status="PASS" starttime="20231109 21:47:51.112" endtime="20231109 21:47:51.150"/>
</kw>
<kw name="Reset Application" library="AppLibrary">
<status status="PASS" starttime="20231109 21:47:51.150" endtime="20231109 21:47:51.153"/>
</kw>
<kw name="Go To Register Page" library="resource">
<kw name="Go To" library="SeleniumLibrary">
<arg>${REGISTER_URL}</arg>
<doc>Navigates the current browser window to the provided ``url``.</doc>
<msg timestamp="20231109 21:47:51.153" level="INFO">Opening url 'http://anal.fi:5001/register'</msg>
<status status="PASS" starttime="20231109 21:47:51.153" endtime="20231109 21:47:51.181"/>
</kw>
<status status="PASS" starttime="20231109 21:47:51.153" endtime="20231109 21:47:51.181"/>
</kw>
<kw name="Set Username">
<arg>ka</arg>
<kw name="Input Text" library="SeleniumLibrary">
<arg>username</arg>
<arg>${username}</arg>
<doc>Types the given ``text`` into the text field identified by ``locator``.</doc>
<msg timestamp="20231109 21:47:51.182" level="INFO">Typing text 'ka' into text field 'username'.</msg>
<status status="PASS" starttime="20231109 21:47:51.182" endtime="20231109 21:47:51.203"/>
</kw>
<status status="PASS" starttime="20231109 21:47:51.181" endtime="20231109 21:47:51.203"/>
</kw>
<kw name="Set Password">
<arg>kalle123</arg>
<kw name="Input Password" library="SeleniumLibrary">
<arg>password</arg>
<arg>${password}</arg>
<doc>Types the given password into the text field identified by ``locator``.</doc>
<msg timestamp="20231109 21:47:51.204" level="INFO">Typing password into text field 'password'.</msg>
<msg timestamp="20231109 21:47:51.209" level="INFO">Temporally setting log level to: NONE</msg>
<msg timestamp="20231109 21:47:51.222" level="INFO">Log level changed from NONE to INFO.</msg>
<status status="PASS" starttime="20231109 21:47:51.203" endtime="20231109 21:47:51.222"/>
</kw>
<status status="PASS" starttime="20231109 21:47:51.203" endtime="20231109 21:47:51.222"/>
</kw>
<kw name="Set Password Confirmation">
<arg>kalle123</arg>
<kw name="Input Password" library="SeleniumLibrary">
<arg>password_confirmation</arg>
<arg>${password}</arg>
<doc>Types the given password into the text field identified by ``locator``.</doc>
<msg timestamp="20231109 21:47:51.223" level="INFO">Typing password into text field 'password_confirmation'.</msg>
<msg timestamp="20231109 21:47:51.231" level="INFO">Temporally setting log level to: NONE</msg>
<msg timestamp="20231109 21:47:51.238" level="INFO">Log level changed from NONE to INFO.</msg>
<status status="PASS" starttime="20231109 21:47:51.223" endtime="20231109 21:47:51.238"/>
</kw>
<status status="PASS" starttime="20231109 21:47:51.222" endtime="20231109 21:47:51.238"/>
</kw>
<kw name="Submit Register">
<kw name="Click Button" library="SeleniumLibrary">
<arg>Register</arg>
<doc>Clicks the button identified by ``locator``.</doc>
<msg timestamp="20231109 21:47:51.239" level="INFO">Clicking button 'Register'.</msg>
<status status="PASS" starttime="20231109 21:47:51.239" endtime="20231109 21:47:51.276"/>
</kw>
<status status="PASS" starttime="20231109 21:47:51.239" endtime="20231109 21:47:51.276"/>
</kw>
<kw name="Register Should Fail With Message">
<arg>Username is too short</arg>
<kw name="Register Page Should Be Open" library="resource">
<kw name="Title Should Be" library="SeleniumLibrary">
<arg>Register</arg>
<doc>Verifies that the current page title equals ``title``.</doc>
<msg timestamp="20231109 21:47:51.278" level="INFO">Page title is 'Register'.</msg>
<status status="PASS" starttime="20231109 21:47:51.276" endtime="20231109 21:47:51.278"/>
</kw>
<status status="PASS" starttime="20231109 21:47:51.276" endtime="20231109 21:47:51.278"/>
</kw>
<kw name="Page Should Contain" library="SeleniumLibrary">
<arg>${message}</arg>
<doc>Verifies that current page contains ``text``.</doc>
<msg timestamp="20231109 21:47:51.285" level="INFO">Current page contains text 'Username is too short'.</msg>
<status status="PASS" starttime="20231109 21:47:51.278" endtime="20231109 21:47:51.285"/>
</kw>
<status status="PASS" starttime="20231109 21:47:51.276" endtime="20231109 21:47:51.285"/>
</kw>
<status status="PASS" starttime="20231109 21:47:51.112" endtime="20231109 21:47:51.286"/>
</test>
<test id="s1-s2-t6" name="Register With Valid Username And Invalid Password" line="46">
<kw name="Create User And Go To Login Page" type="SETUP">
<kw name="Create User" library="AppLibrary">
<arg>kalle</arg>
<arg>kalle123</arg>
<status status="PASS" starttime="20231109 21:47:51.287" endtime="20231109 21:47:51.297"/>
</kw>
<kw name="Go To Login Page" library="resource">
<kw name="Go To" library="SeleniumLibrary">
<arg>${LOGIN_URL}</arg>
<doc>Navigates the current browser window to the provided ``url``.</doc>
<msg timestamp="20231109 21:47:51.297" level="INFO">Opening url 'http://anal.fi:5001/login'</msg>
<status status="PASS" starttime="20231109 21:47:51.297" endtime="20231109 21:47:51.324"/>
</kw>
<status status="PASS" starttime="20231109 21:47:51.297" endtime="20231109 21:47:51.324"/>
</kw>
<kw name="Login Page Should Be Open" library="resource">
<kw name="Title Should Be" library="SeleniumLibrary">
<arg>Login</arg>
<doc>Verifies that the current page title equals ``title``.</doc>
<msg timestamp="20231109 21:47:51.326" level="INFO">Page title is 'Login'.</msg>
<status status="PASS" starttime="20231109 21:47:51.324" endtime="20231109 21:47:51.326"/>
</kw>
<status status="PASS" starttime="20231109 21:47:51.324" endtime="20231109 21:47:51.326"/>
</kw>
<status status="PASS" starttime="20231109 21:47:51.286" endtime="20231109 21:47:51.326"/>
</kw>
<kw name="Reset Application" library="AppLibrary">
<status status="PASS" starttime="20231109 21:47:51.326" endtime="20231109 21:47:51.330"/>
</kw>
<kw name="Go To Register Page" library="resource">
<kw name="Go To" library="SeleniumLibrary">
<arg>${REGISTER_URL}</arg>
<doc>Navigates the current browser window to the provided ``url``.</doc>
<msg timestamp="20231109 21:47:51.330" level="INFO">Opening url 'http://anal.fi:5001/register'</msg>
<status status="PASS" starttime="20231109 21:47:51.330" endtime="20231109 21:47:51.358"/>
</kw>
<status status="PASS" starttime="20231109 21:47:51.330" endtime="20231109 21:47:51.358"/>
</kw>
<kw name="Set Username">
<arg>kalle</arg>
<kw name="Input Text" library="SeleniumLibrary">
<arg>username</arg>
<arg>${username}</arg>
<doc>Types the given ``text`` into the text field identified by ``locator``.</doc>
<msg timestamp="20231109 21:47:51.359" level="INFO">Typing text 'kalle' into text field 'username'.</msg>
<status status="PASS" starttime="20231109 21:47:51.359" endtime="20231109 21:47:51.380"/>
</kw>
<status status="PASS" starttime="20231109 21:47:51.358" endtime="20231109 21:47:51.380"/>
</kw>
<kw name="Set Password">
<arg>kallekalle</arg>
<kw name="Input Password" library="SeleniumLibrary">
<arg>password</arg>
<arg>${password}</arg>
<doc>Types the given password into the text field identified by ``locator``.</doc>
<msg timestamp="20231109 21:47:51.381" level="INFO">Typing password into text field 'password'.</msg>
<msg timestamp="20231109 21:47:51.386" level="INFO">Temporally setting log level to: NONE</msg>
<msg timestamp="20231109 21:47:51.394" level="INFO">Log level changed from NONE to INFO.</msg>
<status status="PASS" starttime="20231109 21:47:51.381" endtime="20231109 21:47:51.394"/>
</kw>
<status status="PASS" starttime="20231109 21:47:51.380" endtime="20231109 21:47:51.394"/>
</kw>
<kw name="Set Password Confirmation">
<arg>kallekalle</arg>
<kw name="Input Password" library="SeleniumLibrary">
<arg>password_confirmation</arg>
<arg>${password}</arg>
<doc>Types the given password into the text field identified by ``locator``.</doc>
<msg timestamp="20231109 21:47:51.395" level="INFO">Typing password into text field 'password_confirmation'.</msg>
<msg timestamp="20231109 21:47:51.400" level="INFO">Temporally setting log level to: NONE</msg>
<msg timestamp="20231109 21:47:51.409" level="INFO">Log level changed from NONE to INFO.</msg>
<status status="PASS" starttime="20231109 21:47:51.394" endtime="20231109 21:47:51.409"/>
</kw>
<status status="PASS" starttime="20231109 21:47:51.394" endtime="20231109 21:47:51.409"/>
</kw>
<kw name="Submit Register">
<kw name="Click Button" library="SeleniumLibrary">
<arg>Register</arg>
<doc>Clicks the button identified by ``locator``.</doc>
<msg timestamp="20231109 21:47:51.410" level="INFO">Clicking button 'Register'.</msg>
<status status="PASS" starttime="20231109 21:47:51.409" endtime="20231109 21:47:51.445"/>
</kw>
<status status="PASS" starttime="20231109 21:47:51.409" endtime="20231109 21:47:51.445"/>
</kw>
<kw name="Register Should Fail With Message">
<arg>Password is NOT valid!!!</arg>
<kw name="Register Page Should Be Open" library="resource">
<kw name="Title Should Be" library="SeleniumLibrary">
<arg>Register</arg>
<doc>Verifies that the current page title equals ``title``.</doc>
<msg timestamp="20231109 21:47:51.448" level="INFO">Page title is 'Register'.</msg>
<status status="PASS" starttime="20231109 21:47:51.445" endtime="20231109 21:47:51.448"/>
</kw>
<status status="PASS" starttime="20231109 21:47:51.445" endtime="20231109 21:47:51.448"/>
</kw>
<kw name="Page Should Contain" library="SeleniumLibrary">
<arg>${message}</arg>
<doc>Verifies that current page contains ``text``.</doc>
<msg timestamp="20231109 21:47:51.454" level="INFO">Current page contains text 'Password is NOT valid!!!'.</msg>
<status status="PASS" starttime="20231109 21:47:51.448" endtime="20231109 21:47:51.454"/>
</kw>
<status status="PASS" starttime="20231109 21:47:51.445" endtime="20231109 21:47:51.454"/>
</kw>
<status status="PASS" starttime="20231109 21:47:51.286" endtime="20231109 21:47:51.454"/>
</test>
<test id="s1-s2-t7" name="Register With Nonmatching Password And Password Confirmation" line="55">
<kw name="Create User And Go To Login Page" type="SETUP">
<kw name="Create User" library="AppLibrary">
<arg>kalle</arg>
<arg>kalle123</arg>
<status status="PASS" starttime="20231109 21:47:51.455" endtime="20231109 21:47:51.465"/>
</kw>
<kw name="Go To Login Page" library="resource">
<kw name="Go To" library="SeleniumLibrary">
<arg>${LOGIN_URL}</arg>
<doc>Navigates the current browser window to the provided ``url``.</doc>
<msg timestamp="20231109 21:47:51.465" level="INFO">Opening url 'http://anal.fi:5001/login'</msg>
<status status="PASS" starttime="20231109 21:47:51.465" endtime="20231109 21:47:51.490"/>
</kw>
<status status="PASS" starttime="20231109 21:47:51.465" endtime="20231109 21:47:51.490"/>
</kw>
<kw name="Login Page Should Be Open" library="resource">
<kw name="Title Should Be" library="SeleniumLibrary">
<arg>Login</arg>
<doc>Verifies that the current page title equals ``title``.</doc>
<msg timestamp="20231109 21:47:51.492" level="INFO">Page title is 'Login'.</msg>
<status status="PASS" starttime="20231109 21:47:51.490" endtime="20231109 21:47:51.492"/>
</kw>
<status status="PASS" starttime="20231109 21:47:51.490" endtime="20231109 21:47:51.492"/>
</kw>
<status status="PASS" starttime="20231109 21:47:51.455" endtime="20231109 21:47:51.492"/>
</kw>
<kw name="Reset Application" library="AppLibrary">
<status status="PASS" starttime="20231109 21:47:51.492" endtime="20231109 21:47:51.495"/>
</kw>
<kw name="Go To Register Page" library="resource">
<kw name="Go To" library="SeleniumLibrary">
<arg>${REGISTER_URL}</arg>
<doc>Navigates the current browser window to the provided ``url``.</doc>
<msg timestamp="20231109 21:47:51.496" level="INFO">Opening url 'http://anal.fi:5001/register'</msg>
<status status="PASS" starttime="20231109 21:47:51.496" endtime="20231109 21:47:51.518"/>
</kw>
<status status="PASS" starttime="20231109 21:47:51.496" endtime="20231109 21:47:51.518"/>
</kw>
<kw name="Set Username">
<arg>kalle</arg>
<kw name="Input Text" library="SeleniumLibrary">
<arg>username</arg>
<arg>${username}</arg>
<doc>Types the given ``text`` into the text field identified by ``locator``.</doc>
<msg timestamp="20231109 21:47:51.519" level="INFO">Typing text 'kalle' into text field 'username'.</msg>
<status status="PASS" starttime="20231109 21:47:51.519" endtime="20231109 21:47:51.542"/>
</kw>
<status status="PASS" starttime="20231109 21:47:51.518" endtime="20231109 21:47:51.542"/>
</kw>
<kw name="Set Password">
<arg>kalle123</arg>
<kw name="Input Password" library="SeleniumLibrary">
<arg>password</arg>
<arg>${password}</arg>
<doc>Types the given password into the text field identified by ``locator``.</doc>
<msg timestamp="20231109 21:47:51.543" level="INFO">Typing password into text field 'password'.</msg>
<msg timestamp="20231109 21:47:51.548" level="INFO">Temporally setting log level to: NONE</msg>
<msg timestamp="20231109 21:47:51.556" level="INFO">Log level changed from NONE to INFO.</msg>
<status status="PASS" starttime="20231109 21:47:51.543" endtime="20231109 21:47:51.556"/>
</kw>
<status status="PASS" starttime="20231109 21:47:51.542" endtime="20231109 21:47:51.556"/>
</kw>
<kw name="Set Password Confirmation">
<arg>kalle456</arg>
<kw name="Input Password" library="SeleniumLibrary">
<arg>password_confirmation</arg>
<arg>${password}</arg>
<doc>Types the given password into the text field identified by ``locator``.</doc>
<msg timestamp="20231109 21:47:51.557" level="INFO">Typing password into text field 'password_confirmation'.</msg>
<msg timestamp="20231109 21:47:51.562" level="INFO">Temporally setting log level to: NONE</msg>
<msg timestamp="20231109 21:47:51.569" level="INFO">Log level changed from NONE to INFO.</msg>
<status status="PASS" starttime="20231109 21:47:51.557" endtime="20231109 21:47:51.569"/>
</kw>
<status status="PASS" starttime="20231109 21:47:51.556" endtime="20231109 21:47:51.569"/>
</kw>
<kw name="Submit Register">
<kw name="Click Button" library="SeleniumLibrary">
<arg>Register</arg>
<doc>Clicks the button identified by ``locator``.</doc>
<msg timestamp="20231109 21:47:51.570" level="INFO">Clicking button 'Register'.</msg>
<status status="PASS" starttime="20231109 21:47:51.569" endtime="20231109 21:47:51.601"/>
</kw>
<status status="PASS" starttime="20231109 21:47:51.569" endtime="20231109 21:47:51.602"/>
</kw>
<kw name="Register Should Fail With Message">
<arg>Password and confirmation need to match</arg>
<kw name="Register Page Should Be Open" library="resource">
<kw name="Title Should Be" library="SeleniumLibrary">
<arg>Register</arg>
<doc>Verifies that the current page title equals ``title``.</doc>
<msg timestamp="20231109 21:47:51.604" level="INFO">Page title is 'Register'.</msg>
<status status="PASS" starttime="20231109 21:47:51.602" endtime="20231109 21:47:51.604"/>
</kw>
<status status="PASS" starttime="20231109 21:47:51.602" endtime="20231109 21:47:51.604"/>
</kw>
<kw name="Page Should Contain" library="SeleniumLibrary">
<arg>${message}</arg>
<doc>Verifies that current page contains ``text``.</doc>
<msg timestamp="20231109 21:47:51.611" level="INFO">Current page contains text 'Password and confirmation need to match'.</msg>
<status status="PASS" starttime="20231109 21:47:51.604" endtime="20231109 21:47:51.611"/>
</kw>
<status status="PASS" starttime="20231109 21:47:51.602" endtime="20231109 21:47:51.611"/>
</kw>
<status status="PASS" starttime="20231109 21:47:51.454" endtime="20231109 21:47:51.612"/>
</test>
<kw name="Close Browser" library="SeleniumLibrary" type="TEARDOWN">
<doc>Closes the current browser.</doc>
<status status="PASS" starttime="20231109 21:47:51.612" endtime="20231109 21:47:52.312"/>
</kw>
<status status="PASS" starttime="20231109 21:47:48.605" endtime="20231109 21:47:52.312"/>
</suite>
<status status="PASS" starttime="20231109 21:47:44.908" endtime="20231109 21:47:52.313"/>
</suite>
<statistics>
<total>
<stat pass="9" fail="0" skip="0">All Tests</stat>
</total>
<tag>
</tag>
<suite>
<stat pass="9" fail="0" skip="0" id="s1" name="Tests">Tests</stat>
<stat pass="2" fail="0" skip="0" id="s1-s1" name="Home">Tests.Home</stat>
<stat pass="7" fail="0" skip="0" id="s1-s2" name="Login">Tests.Login</stat>
</suite>
</statistics>
<errors>
</errors>
</robot>
