<?xml version="1.0" encoding="UTF-8"?>
<robot generator="Robot 6.1.1 (Python 3.11.5 on linux)" generated="20231109 21:11:08.795" rpa="false" schemaversion="4">
<suite id="s1" name="Tests" source="/home/hsaastam/ohtu/palautusrepositorio/viikko3/web-login/src/tests">
<suite id="s1-s1" name="Home" source="/home/hsaastam/ohtu/palautusrepositorio/viikko3/web-login/src/tests/home.robot">
<kw name="Open And Configure Browser" library="resource" type="SETUP">
<kw name="Evaluate" library="BuiltIn">
<var>${options}</var>
<arg>sys.modules['selenium.webdriver'].FirefoxOptions()</arg>
<arg>sys</arg>
<doc>Evaluates the given expression in Python and returns the result.</doc>
<msg timestamp="20231109 21:11:08.981" level="INFO">${options} = &lt;selenium.webdriver.firefox.options.Options object at 0x7f9fafc57290&gt;</msg>
<status status="PASS" starttime="20231109 21:11:08.980" endtime="20231109 21:11:08.981"/>
</kw>
<kw name="Call Method" library="BuiltIn">
<arg>${options}</arg>
<arg>add_argument</arg>
<arg>--no-sandbox</arg>
<doc>Calls the named method of the given object with the provided arguments.</doc>
<status status="PASS" starttime="20231109 21:11:08.981" endtime="20231109 21:11:08.981"/>
</kw>
<kw name="Open Browser" library="SeleniumLibrary">
<arg>browser=firefox</arg>
<arg>options=${options}</arg>
<doc>Opens a new browser instance to the optional ``url``.</doc>
<msg timestamp="20231109 21:11:08.981" level="INFO">Opening browser 'firefox' to base url 'None'.</msg>
<status status="PASS" starttime="20231109 21:11:08.981" endtime="20231109 21:11:10.964"/>
</kw>
<kw name="Set Selenium Speed" library="SeleniumLibrary">
<arg>${DELAY}</arg>
<doc>Sets the delay that is waited after each Selenium command.</doc>
<status status="PASS" starttime="20231109 21:11:10.964" endtime="20231109 21:11:10.965"/>
</kw>
<status status="PASS" starttime="20231109 21:11:08.980" endtime="20231109 21:11:10.965"/>
</kw>
<test id="s1-s1-t1" name="Click Login Link" line="8">
<kw name="Go To Main Page" library="resource" type="SETUP">
<kw name="Go To" library="SeleniumLibrary">
<arg>${HOME_URL}</arg>
<doc>Navigates the current browser window to the provided ``url``.</doc>
<msg timestamp="20231109 21:11:10.966" level="INFO">Opening url 'http://anal.fi:5001'</msg>
<status status="PASS" starttime="20231109 21:11:10.966" endtime="20231109 21:11:11.211"/>
</kw>
<status status="PASS" starttime="20231109 21:11:10.966" endtime="20231109 21:11:11.211"/>
</kw>
<kw name="Click Link" library="SeleniumLibrary">
<arg>Login</arg>
<doc>Clicks a link identified by ``locator``.</doc>
<msg timestamp="20231109 21:11:11.212" level="INFO">Clicking link 'Login'.</msg>
<status status="PASS" starttime="20231109 21:11:11.211" endtime="20231109 21:11:11.608"/>
</kw>
<kw name="Login Page Should Be Open" library="resource">
<kw name="Title Should Be" library="SeleniumLibrary">
<arg>Login</arg>
<doc>Verifies that the current page title equals ``title``.</doc>
<msg timestamp="20231109 21:11:11.711" level="INFO">Page title is 'Login'.</msg>
<status status="PASS" starttime="20231109 21:11:11.609" endtime="20231109 21:11:11.711"/>
</kw>
<status status="PASS" starttime="20231109 21:11:11.609" endtime="20231109 21:11:11.712"/>
</kw>
<status status="PASS" starttime="20231109 21:11:10.965" endtime="20231109 21:11:11.712"/>
</test>
<test id="s1-s1-t2" name="Click Register Link" line="12">
<kw name="Go To Main Page" library="resource" type="SETUP">
<kw name="Go To" library="SeleniumLibrary">
<arg>${HOME_URL}</arg>
<doc>Navigates the current browser window to the provided ``url``.</doc>
<msg timestamp="20231109 21:11:11.713" level="INFO">Opening url 'http://anal.fi:5001'</msg>
<status status="PASS" starttime="20231109 21:11:11.713" endtime="20231109 21:11:11.839"/>
</kw>
<status status="PASS" starttime="20231109 21:11:11.713" endtime="20231109 21:11:11.839"/>
</kw>
<kw name="Click Link" library="SeleniumLibrary">
<arg>Register new user</arg>
<doc>Clicks a link identified by ``locator``.</doc>
<msg timestamp="20231109 21:11:11.840" level="INFO">Clicking link 'Register new user'.</msg>
<status status="PASS" starttime="20231109 21:11:11.839" endtime="20231109 21:11:12.191"/>
</kw>
<kw name="Register Page Should Be Open" library="resource">
<kw name="Title Should Be" library="SeleniumLibrary">
<arg>Register</arg>
<doc>Verifies that the current page title equals ``title``.</doc>
<msg timestamp="20231109 21:11:12.294" level="INFO">Page title is 'Register'.</msg>
<status status="PASS" starttime="20231109 21:11:12.192" endtime="20231109 21:11:12.294"/>
</kw>
<status status="PASS" starttime="20231109 21:11:12.191" endtime="20231109 21:11:12.294"/>
</kw>
<status status="PASS" starttime="20231109 21:11:11.712" endtime="20231109 21:11:12.294"/>
</test>
<kw name="Close Browser" library="SeleniumLibrary" type="TEARDOWN">
<doc>Closes the current browser.</doc>
<status status="PASS" starttime="20231109 21:11:12.295" endtime="20231109 21:11:13.062"/>
</kw>
<status status="PASS" starttime="20231109 21:11:08.815" endtime="20231109 21:11:13.062"/>
</suite>
<suite id="s1-s2" name="Login" source="/home/hsaastam/ohtu/palautusrepositorio/viikko3/web-login/src/tests/login.robot">
<kw name="Open And Configure Browser" library="resource" type="SETUP">
<kw name="Evaluate" library="BuiltIn">
<var>${options}</var>
<arg>sys.modules['selenium.webdriver'].FirefoxOptions()</arg>
<arg>sys</arg>
<doc>Evaluates the given expression in Python and returns the result.</doc>
<msg timestamp="20231109 21:11:13.067" level="INFO">${options} = &lt;selenium.webdriver.firefox.options.Options object at 0x7f9faf633950&gt;</msg>
<status status="PASS" starttime="20231109 21:11:13.067" endtime="20231109 21:11:13.067"/>
</kw>
<kw name="Call Method" library="BuiltIn">
<arg>${options}</arg>
<arg>add_argument</arg>
<arg>--no-sandbox</arg>
<doc>Calls the named method of the given object with the provided arguments.</doc>
<status status="PASS" starttime="20231109 21:11:13.067" endtime="20231109 21:11:13.067"/>
</kw>
<kw name="Open Browser" library="SeleniumLibrary">
<arg>browser=firefox</arg>
<arg>options=${options}</arg>
<doc>Opens a new browser instance to the optional ``url``.</doc>
<msg timestamp="20231109 21:11:13.068" level="INFO">Opening browser 'firefox' to base url 'None'.</msg>
<status status="PASS" starttime="20231109 21:11:13.068" endtime="20231109 21:11:15.117"/>
</kw>
<kw name="Set Selenium Speed" library="SeleniumLibrary">
<arg>${DELAY}</arg>
<doc>Sets the delay that is waited after each Selenium command.</doc>
<status status="PASS" starttime="20231109 21:11:15.117" endtime="20231109 21:11:15.118"/>
</kw>
<status status="PASS" starttime="20231109 21:11:13.067" endtime="20231109 21:11:15.118"/>
</kw>
<test id="s1-s2-t1" name="Login With Correct Credentials" line="8">
<kw name="Create User And Go To Login Page" type="SETUP">
<kw name="Create User" library="AppLibrary">
<arg>kalle</arg>
<arg>kalle123</arg>
<status status="PASS" starttime="20231109 21:11:15.119" endtime="20231109 21:11:15.129"/>
</kw>
<kw name="Go To Login Page" library="resource">
<kw name="Go To" library="SeleniumLibrary">
<arg>${LOGIN_URL}</arg>
<doc>Navigates the current browser window to the provided ``url``.</doc>
<msg timestamp="20231109 21:11:15.130" level="INFO">Opening url 'http://anal.fi:5001/login'</msg>
<status status="PASS" starttime="20231109 21:11:15.130" endtime="20231109 21:11:15.406"/>
</kw>
<status status="PASS" starttime="20231109 21:11:15.130" endtime="20231109 21:11:15.406"/>
</kw>
<kw name="Login Page Should Be Open" library="resource">
<kw name="Title Should Be" library="SeleniumLibrary">
<arg>Login</arg>
<doc>Verifies that the current page title equals ``title``.</doc>
<msg timestamp="20231109 21:11:15.509" level="INFO">Page title is 'Login'.</msg>
<status status="PASS" starttime="20231109 21:11:15.407" endtime="20231109 21:11:15.509"/>
</kw>
<status status="PASS" starttime="20231109 21:11:15.407" endtime="20231109 21:11:15.509"/>
</kw>
<status status="PASS" starttime="20231109 21:11:15.118" endtime="20231109 21:11:15.509"/>
</kw>
<kw name="Set Username">
<arg>kalle</arg>
<kw name="Input Text" library="SeleniumLibrary">
<arg>username</arg>
<arg>${username}</arg>
<doc>Types the given ``text`` into the text field identified by ``locator``.</doc>
<msg timestamp="20231109 21:11:15.510" level="INFO">Typing text 'kalle' into text field 'username'.</msg>
<status status="PASS" starttime="20231109 21:11:15.510" endtime="20231109 21:11:15.891"/>
</kw>
<status status="PASS" starttime="20231109 21:11:15.509" endtime="20231109 21:11:15.891"/>
</kw>
<kw name="Set Password">
<arg>kalle123</arg>
<kw name="Input Password" library="SeleniumLibrary">
<arg>password</arg>
<arg>${password}</arg>
<doc>Types the given password into the text field identified by ``locator``.</doc>
<msg timestamp="20231109 21:11:15.892" level="INFO">Typing password into text field 'password'.</msg>
<msg timestamp="20231109 21:11:16.100" level="INFO">Temporally setting log level to: NONE</msg>
<msg timestamp="20231109 21:11:16.210" level="INFO">Log level changed from NONE to INFO.</msg>
<status status="PASS" starttime="20231109 21:11:15.891" endtime="20231109 21:11:16.210"/>
</kw>
<status status="PASS" starttime="20231109 21:11:15.891" endtime="20231109 21:11:16.210"/>
</kw>
<kw name="Submit Credentials">
<kw name="Click Button" library="SeleniumLibrary">
<arg>Login</arg>
<doc>Clicks the button identified by ``locator``.</doc>
<msg timestamp="20231109 21:11:16.211" level="INFO">Clicking button 'Login'.</msg>
<status status="PASS" starttime="20231109 21:11:16.211" endtime="20231109 21:11:16.664"/>
</kw>
<status status="PASS" starttime="20231109 21:11:16.210" endtime="20231109 21:11:16.665"/>
</kw>
<kw name="Login Should Succeed">
<kw name="Main Page Should Be Open" library="resource">
<kw name="Title Should Be" library="SeleniumLibrary">
<arg>Ohtu Application main page</arg>
<doc>Verifies that the current page title equals ``title``.</doc>
<msg timestamp="20231109 21:11:16.767" level="INFO">Page title is 'Ohtu Application main page'.</msg>
<status status="PASS" starttime="20231109 21:11:16.665" endtime="20231109 21:11:16.767"/>
</kw>
<status status="PASS" starttime="20231109 21:11:16.665" endtime="20231109 21:11:16.768"/>
</kw>
<status status="PASS" starttime="20231109 21:11:16.665" endtime="20231109 21:11:16.768"/>
</kw>
<status status="PASS" starttime="20231109 21:11:15.118" endtime="20231109 21:11:16.768"/>
</test>
<test id="s1-s2-t2" name="Login With Incorrect Password" line="14">
<kw name="Create User And Go To Login Page" type="SETUP">
<kw name="Create User" library="AppLibrary">
<arg>kalle</arg>
<arg>kalle123</arg>
<status status="PASS" starttime="20231109 21:11:16.769" endtime="20231109 21:11:16.779"/>
</kw>
<kw name="Go To Login Page" library="resource">
<kw name="Go To" library="SeleniumLibrary">
<arg>${LOGIN_URL}</arg>
<doc>Navigates the current browser window to the provided ``url``.</doc>
<msg timestamp="20231109 21:11:16.779" level="INFO">Opening url 'http://anal.fi:5001/login'</msg>
<status status="PASS" starttime="20231109 21:11:16.779" endtime="20231109 21:11:16.908"/>
</kw>
<status status="PASS" starttime="20231109 21:11:16.779" endtime="20231109 21:11:16.908"/>
</kw>
<kw name="Login Page Should Be Open" library="resource">
<kw name="Title Should Be" library="SeleniumLibrary">
<arg>Login</arg>
<doc>Verifies that the current page title equals ``title``.</doc>
<msg timestamp="20231109 21:11:17.010" level="INFO">Page title is 'Login'.</msg>
<status status="PASS" starttime="20231109 21:11:16.908" endtime="20231109 21:11:17.011"/>
</kw>
<status status="PASS" starttime="20231109 21:11:16.908" endtime="20231109 21:11:17.011"/>
</kw>
<status status="PASS" starttime="20231109 21:11:16.769" endtime="20231109 21:11:17.011"/>
</kw>
<kw name="Set Username">
<arg>kalle</arg>
<kw name="Input Text" library="SeleniumLibrary">
<arg>username</arg>
<arg>${username}</arg>
<doc>Types the given ``text`` into the text field identified by ``locator``.</doc>
<msg timestamp="20231109 21:11:17.012" level="INFO">Typing text 'kalle' into text field 'username'.</msg>
<status status="PASS" starttime="20231109 21:11:17.011" endtime="20231109 21:11:17.335"/>
</kw>
<status status="PASS" starttime="20231109 21:11:17.011" endtime="20231109 21:11:17.336"/>
</kw>
<kw name="Set Password">
<arg>kalle456</arg>
<kw name="Input Password" library="SeleniumLibrary">
<arg>password</arg>
<arg>${password}</arg>
<doc>Types the given password into the text field identified by ``locator``.</doc>
<msg timestamp="20231109 21:11:17.337" level="INFO">Typing password into text field 'password'.</msg>
<msg timestamp="20231109 21:11:17.543" level="INFO">Temporally setting log level to: NONE</msg>
<msg timestamp="20231109 21:11:17.652" level="INFO">Log level changed from NONE to INFO.</msg>
<status status="PASS" starttime="20231109 21:11:17.336" endtime="20231109 21:11:17.652"/>
</kw>
<status status="PASS" starttime="20231109 21:11:17.336" endtime="20231109 21:11:17.652"/>
</kw>
<kw name="Submit Credentials">
<kw name="Click Button" library="SeleniumLibrary">
<arg>Login</arg>
<doc>Clicks the button identified by ``locator``.</doc>
<msg timestamp="20231109 21:11:17.653" level="INFO">Clicking button 'Login'.</msg>
<status status="PASS" starttime="20231109 21:11:17.653" endtime="20231109 21:11:18.094"/>
</kw>
<status status="PASS" starttime="20231109 21:11:17.652" endtime="20231109 21:11:18.094"/>
</kw>
<kw name="Login Should Fail With Message">
<arg>Invalid username or password</arg>
<kw name="Login Page Should Be Open" library="resource">
<kw name="Title Should Be" library="SeleniumLibrary">
<arg>Login</arg>
<doc>Verifies that the current page title equals ``title``.</doc>
<msg timestamp="20231109 21:11:18.196" level="INFO">Page title is 'Login'.</msg>
<status status="PASS" starttime="20231109 21:11:18.094" endtime="20231109 21:11:18.196"/>
</kw>
<status status="PASS" starttime="20231109 21:11:18.094" endtime="20231109 21:11:18.197"/>
</kw>
<kw name="Page Should Contain" library="SeleniumLibrary">
<arg>${message}</arg>
<doc>Verifies that current page contains ``text``.</doc>
<msg timestamp="20231109 21:11:18.404" level="INFO">Current page contains text 'Invalid username or password'.</msg>
<status status="PASS" starttime="20231109 21:11:18.197" endtime="20231109 21:11:18.404"/>
</kw>
<status status="PASS" starttime="20231109 21:11:18.094" endtime="20231109 21:11:18.404"/>
</kw>
<status status="PASS" starttime="20231109 21:11:16.768" endtime="20231109 21:11:18.404"/>
</test>
<test id="s1-s2-t3" name="Login With Nonexistent Username" line="20">
<kw name="Create User And Go To Login Page" type="SETUP">
<kw name="Create User" library="AppLibrary">
<arg>kalle</arg>
<arg>kalle123</arg>
<status status="PASS" starttime="20231109 21:11:18.406" endtime="20231109 21:11:18.415"/>
</kw>
<kw name="Go To Login Page" library="resource">
<kw name="Go To" library="SeleniumLibrary">
<arg>${LOGIN_URL}</arg>
<doc>Navigates the current browser window to the provided ``url``.</doc>
<msg timestamp="20231109 21:11:18.415" level="INFO">Opening url 'http://anal.fi:5001/login'</msg>
<status status="PASS" starttime="20231109 21:11:18.415" endtime="20231109 21:11:18.540"/>
</kw>
<status status="PASS" starttime="20231109 21:11:18.415" endtime="20231109 21:11:18.540"/>
</kw>
<kw name="Login Page Should Be Open" library="resource">
<kw name="Title Should Be" library="SeleniumLibrary">
<arg>Login</arg>
<doc>Verifies that the current page title equals ``title``.</doc>
<msg timestamp="20231109 21:11:18.642" level="INFO">Page title is 'Login'.</msg>
<status status="PASS" starttime="20231109 21:11:18.540" endtime="20231109 21:11:18.643"/>
</kw>
<status status="PASS" starttime="20231109 21:11:18.540" endtime="20231109 21:11:18.643"/>
</kw>
<status status="PASS" starttime="20231109 21:11:18.405" endtime="20231109 21:11:18.643"/>
</kw>
<kw name="Reset Application" library="AppLibrary">
<status status="PASS" starttime="20231109 21:11:18.643" endtime="20231109 21:11:18.646"/>
</kw>
<kw name="Go To Login Page" library="resource">
<kw name="Go To" library="SeleniumLibrary">
<arg>${LOGIN_URL}</arg>
<doc>Navigates the current browser window to the provided ``url``.</doc>
<msg timestamp="20231109 21:11:18.647" level="INFO">Opening url 'http://anal.fi:5001/login'</msg>
<status status="PASS" starttime="20231109 21:11:18.647" endtime="20231109 21:11:18.765"/>
</kw>
<status status="PASS" starttime="20231109 21:11:18.646" endtime="20231109 21:11:18.765"/>
</kw>
<kw name="Set Username">
<arg>eiole</arg>
<kw name="Input Text" library="SeleniumLibrary">
<arg>username</arg>
<arg>${username}</arg>
<doc>Types the given ``text`` into the text field identified by ``locator``.</doc>
<msg timestamp="20231109 21:11:18.766" level="INFO">Typing text 'eiole' into text field 'username'.</msg>
<status status="PASS" starttime="20231109 21:11:18.766" endtime="20231109 21:11:19.089"/>
</kw>
<status status="PASS" starttime="20231109 21:11:18.765" endtime="20231109 21:11:19.089"/>
</kw>
<kw name="Set Password">
<arg>olemassa</arg>
<kw name="Input Password" library="SeleniumLibrary">
<arg>password</arg>
<arg>${password}</arg>
<doc>Types the given password into the text field identified by ``locator``.</doc>
<msg timestamp="20231109 21:11:19.090" level="INFO">Typing password into text field 'password'.</msg>
<msg timestamp="20231109 21:11:19.296" level="INFO">Temporally setting log level to: NONE</msg>
<msg timestamp="20231109 21:11:19.404" level="INFO">Log level changed from NONE to INFO.</msg>
<status status="PASS" starttime="20231109 21:11:19.089" endtime="20231109 21:11:19.405"/>
</kw>
<status status="PASS" starttime="20231109 21:11:19.089" endtime="20231109 21:11:19.405"/>
</kw>
<kw name="Submit Credentials">
<kw name="Click Button" library="SeleniumLibrary">
<arg>Login</arg>
<doc>Clicks the button identified by ``locator``.</doc>
<msg timestamp="20231109 21:11:19.405" level="INFO">Clicking button 'Login'.</msg>
<status status="PASS" starttime="20231109 21:11:19.405" endtime="20231109 21:11:19.845"/>
</kw>
<status status="PASS" starttime="20231109 21:11:19.405" endtime="20231109 21:11:19.845"/>
</kw>
<kw name="Login Should Fail With Message">
<arg>Invalid username or password</arg>
<kw name="Login Page Should Be Open" library="resource">
<kw name="Title Should Be" library="SeleniumLibrary">
<arg>Login</arg>
<doc>Verifies that the current page title equals ``title``.</doc>
<msg timestamp="20231109 21:11:19.948" level="INFO">Page title is 'Login'.</msg>
<status status="PASS" starttime="20231109 21:11:19.846" endtime="20231109 21:11:19.948"/>
</kw>
<status status="PASS" starttime="20231109 21:11:19.846" endtime="20231109 21:11:19.948"/>
</kw>
<kw name="Page Should Contain" library="SeleniumLibrary">
<arg>${message}</arg>
<doc>Verifies that current page contains ``text``.</doc>
<msg timestamp="20231109 21:11:20.155" level="INFO">Current page contains text 'Invalid username or password'.</msg>
<status status="PASS" starttime="20231109 21:11:19.948" endtime="20231109 21:11:20.155"/>
</kw>
<status status="PASS" starttime="20231109 21:11:19.845" endtime="20231109 21:11:20.155"/>
</kw>
<status status="PASS" starttime="20231109 21:11:18.405" endtime="20231109 21:11:20.155"/>
</test>
<kw name="Close Browser" library="SeleniumLibrary" type="TEARDOWN">
<doc>Closes the current browser.</doc>
<status status="PASS" starttime="20231109 21:11:20.156" endtime="20231109 21:11:20.929"/>
</kw>
<status status="PASS" starttime="20231109 21:11:13.064" endtime="20231109 21:11:20.929"/>
</suite>
<status status="PASS" starttime="20231109 21:11:08.796" endtime="20231109 21:11:20.930"/>
</suite>
<statistics>
<total>
<stat pass="5" fail="0" skip="0">All Tests</stat>
</total>
<tag>
</tag>
<suite>
<stat pass="5" fail="0" skip="0" id="s1" name="Tests">Tests</stat>
<stat pass="2" fail="0" skip="0" id="s1-s1" name="Home">Tests.Home</stat>
<stat pass="3" fail="0" skip="0" id="s1-s2" name="Login">Tests.Login</stat>
</suite>
</statistics>
<errors>
</errors>
</robot>
