<?xml version="1.0" encoding="UTF-8"?>
<robot generator="Robot 6.1.1 (Python 3.11.5 on linux)" generated="20231109 19:37:45.983" rpa="false" schemaversion="4">
<suite id="s1" name="Login" source="/home/hsaastam/ohtu/palautusrepositorio/viikko3/login-robot/src/tests/login.robot">
<test id="s1-t1" name="Login With Correct Credentials" line="5">
<kw name="Input New Command" library="resource">
<kw name="Input" library="AppLibrary">
<arg>new</arg>
<status status="PASS" starttime="20231109 19:37:46.009" endtime="20231109 19:37:46.009"/>
</kw>
<status status="PASS" starttime="20231109 19:37:46.008" endtime="20231109 19:37:46.009"/>
</kw>
<kw name="Input Credentials" library="resource">
<arg>kalle</arg>
<arg>kalle123</arg>
<kw name="Input" library="AppLibrary">
<arg>${username}</arg>
<status status="PASS" starttime="20231109 19:37:46.009" endtime="20231109 19:37:46.010"/>
</kw>
<kw name="Input" library="AppLibrary">
<arg>${password}</arg>
<status status="PASS" starttime="20231109 19:37:46.010" endtime="20231109 19:37:46.010"/>
</kw>
<kw name="Run Application" library="AppLibrary">
<status status="PASS" starttime="20231109 19:37:46.010" endtime="20231109 19:37:46.010"/>
</kw>
<status status="PASS" starttime="20231109 19:37:46.009" endtime="20231109 19:37:46.010"/>
</kw>
<kw name="Input Login Command" library="resource">
<kw name="Input" library="AppLibrary">
<arg>login</arg>
<status status="PASS" starttime="20231109 19:37:46.011" endtime="20231109 19:37:46.011"/>
</kw>
<status status="PASS" starttime="20231109 19:37:46.010" endtime="20231109 19:37:46.011"/>
</kw>
<kw name="Input Credentials" library="resource">
<arg>kalle</arg>
<arg>kalle123</arg>
<kw name="Input" library="AppLibrary">
<arg>${username}</arg>
<status status="PASS" starttime="20231109 19:37:46.011" endtime="20231109 19:37:46.011"/>
</kw>
<kw name="Input" library="AppLibrary">
<arg>${password}</arg>
<status status="PASS" starttime="20231109 19:37:46.012" endtime="20231109 19:37:46.012"/>
</kw>
<kw name="Run Application" library="AppLibrary">
<status status="PASS" starttime="20231109 19:37:46.012" endtime="20231109 19:37:46.012"/>
</kw>
<status status="PASS" starttime="20231109 19:37:46.011" endtime="20231109 19:37:46.012"/>
</kw>
<kw name="Output Should Contain" library="AppLibrary">
<arg>Logged in</arg>
<status status="PASS" starttime="20231109 19:37:46.012" endtime="20231109 19:37:46.012"/>
</kw>
<status status="PASS" starttime="20231109 19:37:46.008" endtime="20231109 19:37:46.012"/>
</test>
<status status="PASS" starttime="20231109 19:37:45.983" endtime="20231109 19:37:46.013"/>
</suite>
<statistics>
<total>
<stat pass="1" fail="0" skip="0">All Tests</stat>
</total>
<tag>
</tag>
<suite>
<stat pass="1" fail="0" skip="0" id="s1" name="Login">Login</stat>
</suite>
</statistics>
<errors>
</errors>
</robot>
